


ARM Macro Assembler    Page 1 


    1 00000000         ;Vectored Interrupt Controller (VIC)
    2 00000000 FFFFF000 
                       VICIRQStatus
                               equ              0xFFFFF000
    3 00000000 FFFFF004 
                       VICFIQStatus
                               equ              0xFFFFF004
    4 00000000 FFFFF008 
                       VICRawIntr
                               equ              0xFFFFF008
    5 00000000 FFFFF00C 
                       VICIntSelect
                               equ              0xFFFFF00C
    6 00000000 FFFFF010 
                       VICIntEnable
                               equ              0xFFFFF010
    7 00000000 FFFFF014 
                       VICIntEnClr
                               equ              0xFFFFF014
    8 00000000 FFFFF018 
                       VICSoftInt
                               equ              0xFFFFF018
    9 00000000 FFFFF01C 
                       VICSoftIntClr
                               equ              0xFFFFF01C
   10 00000000 FFFFF020 
                       VICProtection
                               equ              0xFFFFF020
   11 00000000 FFFFF030 
                       VICVectAddr
                               equ              0xFFFFF030
   12 00000000 FFFFF034 
                       VICDefVectAddr
                               equ              0xFFFFF034
   13 00000000 FFFFF100 
                       VICVectAddr0
                               equ              0xFFFFF100
   14 00000000 FFFFF104 
                       VICVectAddr1
                               equ              0xFFFFF104
   15 00000000 FFFFF108 
                       VICVectAddr2
                               equ              0xFFFFF108
   16 00000000 FFFFF10C 
                       VICVectAddr3
                               equ              0xFFFFF10C
   17 00000000 FFFFF110 
                       VICVectAddr4
                               equ              0xFFFFF110
   18 00000000 FFFFF114 
                       VICVectAddr5
                               equ              0xFFFFF114
   19 00000000 FFFFF118 
                       VICVectAddr6
                               equ              0xFFFFF118
   20 00000000 FFFFF11C 
                       VICVectAddr7
                               equ              0xFFFFF11C
   21 00000000 FFFFF120 



ARM Macro Assembler    Page 2 


                       VICVectAddr8
                               equ              0xFFFFF120
   22 00000000 FFFFF124 
                       VICVectAddr9
                               equ              0xFFFFF124
   23 00000000 FFFFF128 
                       VICVectAddr10
                               equ              0xFFFFF128
   24 00000000 FFFFF12C 
                       VICVectAddr11
                               equ              0xFFFFF12C
   25 00000000 FFFFF130 
                       VICVectAddr12
                               equ              0xFFFFF130
   26 00000000 FFFFF134 
                       VICVectAddr13
                               equ              0xFFFFF134
   27 00000000 FFFFF138 
                       VICVectAddr14
                               equ              0xFFFFF138
   28 00000000 FFFFF13C 
                       VICVectAddr15
                               equ              0xFFFFF13C
   29 00000000 FFFFF200 
                       VICVectCntl0
                               equ              0xFFFFF200
   30 00000000 FFFFF204 
                       VICVectCntl1
                               equ              0xFFFFF204
   31 00000000 FFFFF208 
                       VICVectCntl2
                               equ              0xFFFFF208
   32 00000000 FFFFF20C 
                       VICVectCntl3
                               equ              0xFFFFF20C
   33 00000000 FFFFF210 
                       VICVectCntl4
                               equ              0xFFFFF210
   34 00000000 FFFFF214 
                       VICVectCntl5
                               equ              0xFFFFF214
   35 00000000 FFFFF218 
                       VICVectCntl6
                               equ              0xFFFFF218
   36 00000000 FFFFF21C 
                       VICVectCntl7
                               equ              0xFFFFF21C
   37 00000000 FFFFF220 
                       VICVectCntl8
                               equ              0xFFFFF220
   38 00000000 FFFFF224 
                       VICVectCntl9
                               equ              0xFFFFF224
   39 00000000 FFFFF228 
                       VICVectCntl10
                               equ              0xFFFFF228
   40 00000000 FFFFF22C 
                       VICVectCntl11
                               equ              0xFFFFF22C



ARM Macro Assembler    Page 3 


   41 00000000 FFFFF230 
                       VICVectCntl12
                               equ              0xFFFFF230
   42 00000000 FFFFF234 
                       VICVectCntl13
                               equ              0xFFFFF234
   43 00000000 FFFFF238 
                       VICVectCntl14
                               equ              0xFFFFF238
   44 00000000 FFFFF23C 
                       VICVectCntl15
                               equ              0xFFFFF23C
   45 00000000         
   46 00000000         ;Pin Connect Block
   47 00000000 E002C000 
                       PINSEL0 equ              0xE002C000
   48 00000000 E002C004 
                       PINSEL1 equ              0xE002C004
   49 00000000 E002C014 
                       PINSEL2 equ              0xE002C014
   50 00000000         
   51 00000000         ;General Purpose Input/Output (GPIO)
   52 00000000 E0028000 
                       IOPIN0  equ              0xE0028000
   53 00000000 E0028004 
                       IOSET0  equ              0xE0028004
   54 00000000 E0028008 
                       IODIR0  equ              0xE0028008
   55 00000000 E002800C 
                       IOCLR0  equ              0xE002800C
   56 00000000 E0028010 
                       IOPIN1  equ              0xE0028010
   57 00000000 E0028014 
                       IOSET1  equ              0xE0028014
   58 00000000 E0028018 
                       IODIR1  equ              0xE0028018
   59 00000000 E002801C 
                       IOCLR1  equ              0xE002801C
   60 00000000 E0028000 
                       IO0PIN  equ              0xE0028000
   61 00000000 E0028004 
                       IO0SET  equ              0xE0028004
   62 00000000 E0028008 
                       IO0DIR  equ              0xE0028008
   63 00000000 E002800C 
                       IO0CLR  equ              0xE002800C
   64 00000000 E0028010 
                       IO1PIN  equ              0xE0028010
   65 00000000 E0028014 
                       IO1SET  equ              0xE0028014
   66 00000000 E0028018 
                       IO1DIR  equ              0xE0028018
   67 00000000 E002801C 
                       IO1CLR  equ              0xE002801C
   68 00000000 3FFFC000 
                       FIO0DIR equ              0x3FFFC000
   69 00000000 3FFFC010 
                       FIO0MASK
                               equ              0x3FFFC010



ARM Macro Assembler    Page 4 


   70 00000000 3FFFC014 
                       FIO0PIN equ              0x3FFFC014
   71 00000000 3FFFC018 
                       FIO0SET equ              0x3FFFC018
   72 00000000 3FFFC01C 
                       FIO0CLR equ              0x3FFFC01C
   73 00000000 3FFFC020 
                       FIO1DIR equ              0x3FFFC020
   74 00000000 3FFFC030 
                       FIO1MASK
                               equ              0x3FFFC030
   75 00000000 3FFFC034 
                       FIO1PIN equ              0x3FFFC034
   76 00000000 3FFFC038 
                       FIO1SET equ              0x3FFFC038
   77 00000000 3FFFC03C 
                       FIO1CLR equ              0x3FFFC03C
   78 00000000         
   79 00000000         ;Memory Accelerator Module (MAM)
   80 00000000 E01FC000 
                       MAMCR   equ              0xE01FC000
   81 00000000 E01FC004 
                       MAMTIM  equ              0xE01FC004
   82 00000000 E01FC040 
                       MEMMAP  equ              0xE01FC040
   83 00000000         
   84 00000000         ;Phase Locked Loop (PLL)
   85 00000000 E01FC080 
                       PLLCON  equ              0xE01FC080
   86 00000000 E01FC084 
                       PLLCFG  equ              0xE01FC084
   87 00000000 E01FC088 
                       PLLSTAT equ              0xE01FC088
   88 00000000 E01FC08C 
                       PLLFEED equ              0xE01FC08C
   89 00000000         
   90 00000000         ;VPB Divider
   91 00000000 E01FC100 
                       VPBDIV  equ              0xE01FC100
   92 00000000         
   93 00000000         ;Power Control
   94 00000000 E01FC0C0 
                       PCON    equ              0xE01FC0C0
   95 00000000 E01FC0C4 
                       PCONP   equ              0xE01FC0C4
   96 00000000         
   97 00000000         ;External Interrupts
   98 00000000 E01FC140 
                       EXTINT  equ              0xE01FC140
   99 00000000 E01FC144 
                       INTWAKE equ              0xE01FC144
  100 00000000 E01FC148 
                       EXTMODE equ              0xE01FC148
  101 00000000 E01FC14C 
                       EXTPOLAR
                               equ              0xE01FC14C
  102 00000000         
  103 00000000         ;Reset
  104 00000000 E01FC180 



ARM Macro Assembler    Page 5 


                       RSID    equ              0xE01FC180
  105 00000000         
  106 00000000         ;Code Security / Debugging
  107 00000000 E01FC184 
                       CSPR    equ              0xE01FC184
  108 00000000         
  109 00000000         ;System Control and Status flags
  110 00000000 E01FC1A0 
                       SCS     equ              0xE01FC1A0
  111 00000000         
  112 00000000         ;Timer 0
  113 00000000 E0004000 
                       T0IR    equ              0xE0004000
  114 00000000 E0004004 
                       T0TCR   equ              0xE0004004
  115 00000000 E0004008 
                       T0TC    equ              0xE0004008
  116 00000000 E000400C 
                       T0PR    equ              0xE000400C
  117 00000000 E0004010 
                       T0PC    equ              0xE0004010
  118 00000000 E0004014 
                       T0MCR   equ              0xE0004014
  119 00000000 E0004018 
                       T0MR0   equ              0xE0004018
  120 00000000 E000401C 
                       T0MR1   equ              0xE000401C
  121 00000000 E0004020 
                       T0MR2   equ              0xE0004020
  122 00000000 E0004024 
                       T0MR3   equ              0xE0004024
  123 00000000 E0004028 
                       T0CCR   equ              0xE0004028
  124 00000000 E000402C 
                       T0CR0   equ              0xE000402C
  125 00000000 E0004030 
                       T0CR1   equ              0xE0004030
  126 00000000 E0004034 
                       T0CR2   equ              0xE0004034
  127 00000000 E0004038 
                       T0CR3   equ              0xE0004038
  128 00000000 E000403C 
                       T0EMR   equ              0xE000403C
  129 00000000 E0004070 
                       T0CTCR  equ              0xE0004070
  130 00000000         
  131 00000000         ;Timer 1
  132 00000000 E0008000 
                       T1IR    equ              0xE0008000
  133 00000000 E0008004 
                       T1TCR   equ              0xE0008004
  134 00000000 E0008008 
                       T1TC    equ              0xE0008008
  135 00000000 E000800C 
                       T1PR    equ              0xE000800C
  136 00000000 E0008010 
                       T1PC    equ              0xE0008010
  137 00000000 E0008014 
                       T1MCR   equ              0xE0008014



ARM Macro Assembler    Page 6 


  138 00000000 E0008018 
                       T1MR0   equ              0xE0008018
  139 00000000 E000801C 
                       T1MR1   equ              0xE000801C
  140 00000000 E0008020 
                       T1MR2   equ              0xE0008020
  141 00000000 E0008024 
                       T1MR3   equ              0xE0008024
  142 00000000 E0008028 
                       T1CCR   equ              0xE0008028
  143 00000000 E000802C 
                       T1CR0   equ              0xE000802C
  144 00000000 E0008030 
                       T1CR1   equ              0xE0008030
  145 00000000 E0008034 
                       T1CR2   equ              0xE0008034
  146 00000000 E0008038 
                       T1CR3   equ              0xE0008038
  147 00000000 E000803C 
                       T1EMR   equ              0xE000803C
  148 00000000 E0008070 
                       T1CTCR  equ              0xE0008070
  149 00000000         
  150 00000000         ;Pulse Width Modulator (PWM)
  151 00000000 E0014000 
                       PWMIR   equ              0xE0014000
  152 00000000 E0014004 
                       PWMTCR  equ              0xE0014004
  153 00000000 E0014008 
                       PWMTC   equ              0xE0014008
  154 00000000 E001400C 
                       PWMPR   equ              0xE001400C
  155 00000000 E0014010 
                       PWMPC   equ              0xE0014010
  156 00000000 E0014014 
                       PWMMCR  equ              0xE0014014
  157 00000000 E0014018 
                       PWMMR0  equ              0xE0014018
  158 00000000 E001401C 
                       PWMMR1  equ              0xE001401C
  159 00000000 E0014020 
                       PWMMR2  equ              0xE0014020
  160 00000000 E0014024 
                       PWMMR3  equ              0xE0014024
  161 00000000 E0014040 
                       PWMMR4  equ              0xE0014040
  162 00000000 E0014044 
                       PWMMR5  equ              0xE0014044
  163 00000000 E0014048 
                       PWMMR6  equ              0xE0014048
  164 00000000 E001404C 
                       PWMPCR  equ              0xE001404C
  165 00000000 E0014050 
                       PWMLER  equ              0xE0014050
  166 00000000         
  167 00000000         ;Universal Asynchronous Receiver Transmitter 0 (UART0)
  168 00000000 E000C000 
                       U0RBR   equ              0xE000C000
  169 00000000 E000C000 



ARM Macro Assembler    Page 7 


                       U0THR   equ              0xE000C000
  170 00000000 E000C004 
                       U0IER   equ              0xE000C004
  171 00000000 E000C008 
                       U0IIR   equ              0xE000C008
  172 00000000 E000C008 
                       U0FCR   equ              0xE000C008
  173 00000000 E000C00C 
                       U0LCR   equ              0xE000C00C
  174 00000000 E000C014 
                       U0LSR   equ              0xE000C014
  175 00000000 E000C01C 
                       U0SCR   equ              0xE000C01C
  176 00000000 E000C000 
                       U0DLL   equ              0xE000C000
  177 00000000 E000C004 
                       U0DLM   equ              0xE000C004
  178 00000000 E000C020 
                       U0ACR   equ              0xE000C020
  179 00000000 E000C028 
                       U0FDR   equ              0xE000C028
  180 00000000 E000C030 
                       U0TER   equ              0xE000C030
  181 00000000         
  182 00000000         ;Universal Asynchronous Receiver Transmitter 1 (UART1)
  183 00000000 E0010000 
                       U1RBR   equ              0xE0010000
  184 00000000 E0010000 
                       U1THR   equ              0xE0010000
  185 00000000 E0010004 
                       U1IER   equ              0xE0010004
  186 00000000 E0010008 
                       U1IIR   equ              0xE0010008
  187 00000000 E0010008 
                       U1FCR   equ              0xE0010008
  188 00000000 E001000C 
                       U1LCR   equ              0xE001000C
  189 00000000 E0010010 
                       U1MCR   equ              0xE0010010
  190 00000000 E0010014 
                       U1LSR   equ              0xE0010014
  191 00000000 E0010018 
                       U1MSR   equ              0xE0010018
  192 00000000 E001001C 
                       U1SCR   equ              0xE001001C
  193 00000000 E0010000 
                       U1DLL   equ              0xE0010000
  194 00000000 E0010004 
                       U1DLM   equ              0xE0010004
  195 00000000 E0010020 
                       U1ACR   equ              0xE0010020
  196 00000000 E0010028 
                       U1FDR   equ              0xE0010028
  197 00000000 E0010030 
                       U1TER   equ              0xE0010030
  198 00000000         
  199 00000000         ;I2C Interface 0
  200 00000000 E001C000 
                       I2C0CONSET



ARM Macro Assembler    Page 8 


                               equ              0xE001C000
  201 00000000 E001C004 
                       I2C0STAT
                               equ              0xE001C004
  202 00000000 E001C008 
                       I2C0DAT equ              0xE001C008
  203 00000000 E001C00C 
                       I2C0ADR equ              0xE001C00C
  204 00000000 E001C010 
                       I2C0SCLH
                               equ              0xE001C010
  205 00000000 E001C014 
                       I2C0SCLL
                               equ              0xE001C014
  206 00000000 E001C018 
                       I2C0CONCLR
                               equ              0xE001C018
  207 00000000         
  208 00000000         ;I2C Interface 1
  209 00000000 E005C000 
                       I2C1CONSET
                               equ              0xE005C000
  210 00000000 E005C004 
                       I2C1STAT
                               equ              0xE005C004
  211 00000000 E005C008 
                       I2C1DAT equ              0xE005C008
  212 00000000 E005C00C 
                       I2C1ADR equ              0xE005C00C
  213 00000000 E005C010 
                       I2C1SCLH
                               equ              0xE005C010
  214 00000000 E005C014 
                       I2C1SCLL
                               equ              0xE005C014
  215 00000000 E005C018 
                       I2C1CONCLR
                               equ              0xE005C018
  216 00000000         
  217 00000000         ;SPI0 (Serial Peripheral Interface 0)
  218 00000000 E0020000 
                       S0SPCR  equ              0xE0020000
  219 00000000 E0020004 
                       S0SPSR  equ              0xE0020004
  220 00000000 E0020008 
                       S0SPDR  equ              0xE0020008
  221 00000000 E002000C 
                       S0SPCCR equ              0xE002000C
  222 00000000 E002001C 
                       S0SPINT equ              0xE002001C
  223 00000000         
  224 00000000         ;SSP Controller (SPI1)
  225 00000000 E0068000 
                       SSPCR0  equ              0xE0068000
  226 00000000 E0068004 
                       SSPCR1  equ              0xE0068004
  227 00000000 E0068008 
                       SSPDR   equ              0xE0068008
  228 00000000 E006800C 



ARM Macro Assembler    Page 9 


                       SSPSR   equ              0xE006800C
  229 00000000 E0068010 
                       SSPCPSR equ              0xE0068010
  230 00000000 E0068014 
                       SSPIMSC equ              0xE0068014
  231 00000000 E0068018 
                       SSPRIS  equ              0xE0068018
  232 00000000 E006801C 
                       SSPMIS  equ              0xE006801C
  233 00000000 E0068020 
                       SSPICR  equ              0xE0068020
  234 00000000         
  235 00000000         ;Real Time Clock
  236 00000000 E0024000 
                       ILR     equ              0xE0024000
  237 00000000 E0024004 
                       CTC     equ              0xE0024004
  238 00000000 E0024008 
                       CCR     equ              0xE0024008
  239 00000000 E002400C 
                       CIIR    equ              0xE002400C
  240 00000000 E0024010 
                       AMR     equ              0xE0024010
  241 00000000 E0024014 
                       CTIME0  equ              0xE0024014
  242 00000000 E0024018 
                       CTIME1  equ              0xE0024018
  243 00000000 E002401C 
                       CTIME2  equ              0xE002401C
  244 00000000 E0024020 
                       SEC     equ              0xE0024020
  245 00000000 E0024024 
                       MIN     equ              0xE0024024
  246 00000000 E0024028 
                       HOUR    equ              0xE0024028
  247 00000000 E002402C 
                       DOM     equ              0xE002402C
  248 00000000 E0024030 
                       DOW     equ              0xE0024030
  249 00000000 E0024034 
                       DOY     equ              0xE0024034
  250 00000000 E0024038 
                       MONTH   equ              0xE0024038
  251 00000000 E002403C 
                       YEAR    equ              0xE002403C
  252 00000000 E0024060 
                       ALSEC   equ              0xE0024060
  253 00000000 E0024064 
                       ALMIN   equ              0xE0024064
  254 00000000 E0024068 
                       ALHOUR  equ              0xE0024068
  255 00000000 E002406C 
                       ALDOM   equ              0xE002406C
  256 00000000 E0024070 
                       ALDOW   equ              0xE0024070
  257 00000000 E0024074 
                       ALDOY   equ              0xE0024074
  258 00000000 E0024078 
                       ALMON   equ              0xE0024078



ARM Macro Assembler    Page 10 


  259 00000000 E002407C 
                       ALYEAR  equ              0xE002407C
  260 00000000 E0024080 
                       PREINT  equ              0xE0024080
  261 00000000 E0024084 
                       PREFRAC equ              0xE0024084
  262 00000000         
  263 00000000         ;A/D Converter 0 (AD0)
  264 00000000 E0034000 
                       AD0CR   equ              0xE0034000
  265 00000000 E0034004 
                       AD0DR   equ              0xE0034004
  266 00000000 E0034004 
                       AD0GDR  equ              0xE0034004
  267 00000000 E0034030 
                       AD0STAT equ              0xE0034030
  268 00000000 E003400C 
                       AD0INTEN
                               equ              0xE003400C
  269 00000000 E0034010 
                       AD0DR0  equ              0xE0034010
  270 00000000 E0034014 
                       AD0DR1  equ              0xE0034014
  271 00000000 E0034018 
                       AD0DR2  equ              0xE0034018
  272 00000000 E003401C 
                       AD0DR3  equ              0xE003401C
  273 00000000 E0034020 
                       AD0DR4  equ              0xE0034020
  274 00000000 E0034024 
                       AD0DR5  equ              0xE0034024
  275 00000000 E0034028 
                       AD0DR6  equ              0xE0034028
  276 00000000 E003402C 
                       AD0DR7  equ              0xE003402C
  277 00000000         
  278 00000000         ;A/D Converter 1 (AD1)
  279 00000000 E0060000 
                       AD1CR   equ              0xE0060000
  280 00000000 E0060004 
                       AD1DR   equ              0xE0060004
  281 00000000 E0060004 
                       AD1GDR  equ              0xE0060004
  282 00000000 E0060030 
                       AD1STAT equ              0xE0060030
  283 00000000 E006000C 
                       AD1INTEN
                               equ              0xE006000C
  284 00000000 E0060010 
                       AD1DR0  equ              0xE0060010
  285 00000000 E0060014 
                       AD1DR1  equ              0xE0060014
  286 00000000 E0060018 
                       AD1DR2  equ              0xE0060018
  287 00000000 E006001C 
                       AD1DR3  equ              0xE006001C
  288 00000000 E0060020 
                       AD1DR4  equ              0xE0060020
  289 00000000 E0060024 



ARM Macro Assembler    Page 11 


                       AD1DR5  equ              0xE0060024
  290 00000000 E0060028 
                       AD1DR6  equ              0xE0060028
  291 00000000 E006002C 
                       AD1DR7  equ              0xE006002C
  292 00000000         
  293 00000000         ;A/D Converter Global
  294 00000000 E0034008 
                       ADGSR   equ              0xE0034008
  295 00000000         
  296 00000000         ;D/A Converter
  297 00000000 E006C000 
                       DACR    equ              0xE006C000
  298 00000000         
  299 00000000         ;Watchdog
  300 00000000 E0000000 
                       WDMOD   equ              0xE0000000
  301 00000000 E0000004 
                       WDTC    equ              0xE0000004
  302 00000000 E0000008 
                       WDFEED  equ              0xE0000008
  303 00000000 E000000C 
                       WDTV    equ              0xE000000C
  304 00000000         
  305 00000000                 END
Command Line: --debug --xref --apcs=interwork --depend=.\lpc213x.d -o.\lpc213x.
o -IC:\Keil\ARM\RV31\INC -IC:\Keil\ARM\CMSIS\Include -IC:\Keil\ARM\Inc\Philips 
--predefine="__EVAL SETA 1" --list=.\lpc213x.lst LPC213x.s



ARM Macro Assembler    Page 1 Alphabetic symbol ordering
Absolute symbols

AD0CR E0034000

Symbol: AD0CR
   Definitions
      At line 264 in file LPC213x.s
   Uses
      None
Comment: AD0CR unused
AD0DR E0034004

Symbol: AD0DR
   Definitions
      At line 265 in file LPC213x.s
   Uses
      None
Comment: AD0DR unused
AD0DR0 E0034010

Symbol: AD0DR0
   Definitions
      At line 269 in file LPC213x.s
   Uses
      None
Comment: AD0DR0 unused
AD0DR1 E0034014

Symbol: AD0DR1
   Definitions
      At line 270 in file LPC213x.s
   Uses
      None
Comment: AD0DR1 unused
AD0DR2 E0034018

Symbol: AD0DR2
   Definitions
      At line 271 in file LPC213x.s
   Uses
      None
Comment: AD0DR2 unused
AD0DR3 E003401C

Symbol: AD0DR3
   Definitions
      At line 272 in file LPC213x.s
   Uses
      None
Comment: AD0DR3 unused
AD0DR4 E0034020

Symbol: AD0DR4
   Definitions
      At line 273 in file LPC213x.s
   Uses
      None
Comment: AD0DR4 unused
AD0DR5 E0034024

Symbol: AD0DR5



ARM Macro Assembler    Page 2 Alphabetic symbol ordering
Absolute symbols

   Definitions
      At line 274 in file LPC213x.s
   Uses
      None
Comment: AD0DR5 unused
AD0DR6 E0034028

Symbol: AD0DR6
   Definitions
      At line 275 in file LPC213x.s
   Uses
      None
Comment: AD0DR6 unused
AD0DR7 E003402C

Symbol: AD0DR7
   Definitions
      At line 276 in file LPC213x.s
   Uses
      None
Comment: AD0DR7 unused
AD0GDR E0034004

Symbol: AD0GDR
   Definitions
      At line 266 in file LPC213x.s
   Uses
      None
Comment: AD0GDR unused
AD0INTEN E003400C

Symbol: AD0INTEN
   Definitions
      At line 268 in file LPC213x.s
   Uses
      None
Comment: AD0INTEN unused
AD0STAT E0034030

Symbol: AD0STAT
   Definitions
      At line 267 in file LPC213x.s
   Uses
      None
Comment: AD0STAT unused
AD1CR E0060000

Symbol: AD1CR
   Definitions
      At line 279 in file LPC213x.s
   Uses
      None
Comment: AD1CR unused
AD1DR E0060004

Symbol: AD1DR
   Definitions
      At line 280 in file LPC213x.s
   Uses



ARM Macro Assembler    Page 3 Alphabetic symbol ordering
Absolute symbols

      None
Comment: AD1DR unused
AD1DR0 E0060010

Symbol: AD1DR0
   Definitions
      At line 284 in file LPC213x.s
   Uses
      None
Comment: AD1DR0 unused
AD1DR1 E0060014

Symbol: AD1DR1
   Definitions
      At line 285 in file LPC213x.s
   Uses
      None
Comment: AD1DR1 unused
AD1DR2 E0060018

Symbol: AD1DR2
   Definitions
      At line 286 in file LPC213x.s
   Uses
      None
Comment: AD1DR2 unused
AD1DR3 E006001C

Symbol: AD1DR3
   Definitions
      At line 287 in file LPC213x.s
   Uses
      None
Comment: AD1DR3 unused
AD1DR4 E0060020

Symbol: AD1DR4
   Definitions
      At line 288 in file LPC213x.s
   Uses
      None
Comment: AD1DR4 unused
AD1DR5 E0060024

Symbol: AD1DR5
   Definitions
      At line 289 in file LPC213x.s
   Uses
      None
Comment: AD1DR5 unused
AD1DR6 E0060028

Symbol: AD1DR6
   Definitions
      At line 290 in file LPC213x.s
   Uses
      None
Comment: AD1DR6 unused
AD1DR7 E006002C



ARM Macro Assembler    Page 4 Alphabetic symbol ordering
Absolute symbols


Symbol: AD1DR7
   Definitions
      At line 291 in file LPC213x.s
   Uses
      None
Comment: AD1DR7 unused
AD1GDR E0060004

Symbol: AD1GDR
   Definitions
      At line 281 in file LPC213x.s
   Uses
      None
Comment: AD1GDR unused
AD1INTEN E006000C

Symbol: AD1INTEN
   Definitions
      At line 283 in file LPC213x.s
   Uses
      None
Comment: AD1INTEN unused
AD1STAT E0060030

Symbol: AD1STAT
   Definitions
      At line 282 in file LPC213x.s
   Uses
      None
Comment: AD1STAT unused
ADGSR E0034008

Symbol: ADGSR
   Definitions
      At line 294 in file LPC213x.s
   Uses
      None
Comment: ADGSR unused
ALDOM E002406C

Symbol: ALDOM
   Definitions
      At line 255 in file LPC213x.s
   Uses
      None
Comment: ALDOM unused
ALDOW E0024070

Symbol: ALDOW
   Definitions
      At line 256 in file LPC213x.s
   Uses
      None
Comment: ALDOW unused
ALDOY E0024074

Symbol: ALDOY
   Definitions



ARM Macro Assembler    Page 5 Alphabetic symbol ordering
Absolute symbols

      At line 257 in file LPC213x.s
   Uses
      None
Comment: ALDOY unused
ALHOUR E0024068

Symbol: ALHOUR
   Definitions
      At line 254 in file LPC213x.s
   Uses
      None
Comment: ALHOUR unused
ALMIN E0024064

Symbol: ALMIN
   Definitions
      At line 253 in file LPC213x.s
   Uses
      None
Comment: ALMIN unused
ALMON E0024078

Symbol: ALMON
   Definitions
      At line 258 in file LPC213x.s
   Uses
      None
Comment: ALMON unused
ALSEC E0024060

Symbol: ALSEC
   Definitions
      At line 252 in file LPC213x.s
   Uses
      None
Comment: ALSEC unused
ALYEAR E002407C

Symbol: ALYEAR
   Definitions
      At line 259 in file LPC213x.s
   Uses
      None
Comment: ALYEAR unused
AMR E0024010

Symbol: AMR
   Definitions
      At line 240 in file LPC213x.s
   Uses
      None
Comment: AMR unused
CCR E0024008

Symbol: CCR
   Definitions
      At line 238 in file LPC213x.s
   Uses
      None



ARM Macro Assembler    Page 6 Alphabetic symbol ordering
Absolute symbols

Comment: CCR unused
CIIR E002400C

Symbol: CIIR
   Definitions
      At line 239 in file LPC213x.s
   Uses
      None
Comment: CIIR unused
CSPR E01FC184

Symbol: CSPR
   Definitions
      At line 107 in file LPC213x.s
   Uses
      None
Comment: CSPR unused
CTC E0024004

Symbol: CTC
   Definitions
      At line 237 in file LPC213x.s
   Uses
      None
Comment: CTC unused
CTIME0 E0024014

Symbol: CTIME0
   Definitions
      At line 241 in file LPC213x.s
   Uses
      None
Comment: CTIME0 unused
CTIME1 E0024018

Symbol: CTIME1
   Definitions
      At line 242 in file LPC213x.s
   Uses
      None
Comment: CTIME1 unused
CTIME2 E002401C

Symbol: CTIME2
   Definitions
      At line 243 in file LPC213x.s
   Uses
      None
Comment: CTIME2 unused
DACR E006C000

Symbol: DACR
   Definitions
      At line 297 in file LPC213x.s
   Uses
      None
Comment: DACR unused
DOM E002402C




ARM Macro Assembler    Page 7 Alphabetic symbol ordering
Absolute symbols

Symbol: DOM
   Definitions
      At line 247 in file LPC213x.s
   Uses
      None
Comment: DOM unused
DOW E0024030

Symbol: DOW
   Definitions
      At line 248 in file LPC213x.s
   Uses
      None
Comment: DOW unused
DOY E0024034

Symbol: DOY
   Definitions
      At line 249 in file LPC213x.s
   Uses
      None
Comment: DOY unused
EXTINT E01FC140

Symbol: EXTINT
   Definitions
      At line 98 in file LPC213x.s
   Uses
      None
Comment: EXTINT unused
EXTMODE E01FC148

Symbol: EXTMODE
   Definitions
      At line 100 in file LPC213x.s
   Uses
      None
Comment: EXTMODE unused
EXTPOLAR E01FC14C

Symbol: EXTPOLAR
   Definitions
      At line 101 in file LPC213x.s
   Uses
      None
Comment: EXTPOLAR unused
FIO0CLR 3FFFC01C

Symbol: FIO0CLR
   Definitions
      At line 72 in file LPC213x.s
   Uses
      None
Comment: FIO0CLR unused
FIO0DIR 3FFFC000

Symbol: FIO0DIR
   Definitions
      At line 68 in file LPC213x.s



ARM Macro Assembler    Page 8 Alphabetic symbol ordering
Absolute symbols

   Uses
      None
Comment: FIO0DIR unused
FIO0MASK 3FFFC010

Symbol: FIO0MASK
   Definitions
      At line 69 in file LPC213x.s
   Uses
      None
Comment: FIO0MASK unused
FIO0PIN 3FFFC014

Symbol: FIO0PIN
   Definitions
      At line 70 in file LPC213x.s
   Uses
      None
Comment: FIO0PIN unused
FIO0SET 3FFFC018

Symbol: FIO0SET
   Definitions
      At line 71 in file LPC213x.s
   Uses
      None
Comment: FIO0SET unused
FIO1CLR 3FFFC03C

Symbol: FIO1CLR
   Definitions
      At line 77 in file LPC213x.s
   Uses
      None
Comment: FIO1CLR unused
FIO1DIR 3FFFC020

Symbol: FIO1DIR
   Definitions
      At line 73 in file LPC213x.s
   Uses
      None
Comment: FIO1DIR unused
FIO1MASK 3FFFC030

Symbol: FIO1MASK
   Definitions
      At line 74 in file LPC213x.s
   Uses
      None
Comment: FIO1MASK unused
FIO1PIN 3FFFC034

Symbol: FIO1PIN
   Definitions
      At line 75 in file LPC213x.s
   Uses
      None
Comment: FIO1PIN unused



ARM Macro Assembler    Page 9 Alphabetic symbol ordering
Absolute symbols

FIO1SET 3FFFC038

Symbol: FIO1SET
   Definitions
      At line 76 in file LPC213x.s
   Uses
      None
Comment: FIO1SET unused
HOUR E0024028

Symbol: HOUR
   Definitions
      At line 246 in file LPC213x.s
   Uses
      None
Comment: HOUR unused
I2C0ADR E001C00C

Symbol: I2C0ADR
   Definitions
      At line 203 in file LPC213x.s
   Uses
      None
Comment: I2C0ADR unused
I2C0CONCLR E001C018

Symbol: I2C0CONCLR
   Definitions
      At line 206 in file LPC213x.s
   Uses
      None
Comment: I2C0CONCLR unused
I2C0CONSET E001C000

Symbol: I2C0CONSET
   Definitions
      At line 200 in file LPC213x.s
   Uses
      None
Comment: I2C0CONSET unused
I2C0DAT E001C008

Symbol: I2C0DAT
   Definitions
      At line 202 in file LPC213x.s
   Uses
      None
Comment: I2C0DAT unused
I2C0SCLH E001C010

Symbol: I2C0SCLH
   Definitions
      At line 204 in file LPC213x.s
   Uses
      None
Comment: I2C0SCLH unused
I2C0SCLL E001C014

Symbol: I2C0SCLL



ARM Macro Assembler    Page 10 Alphabetic symbol ordering
Absolute symbols

   Definitions
      At line 205 in file LPC213x.s
   Uses
      None
Comment: I2C0SCLL unused
I2C0STAT E001C004

Symbol: I2C0STAT
   Definitions
      At line 201 in file LPC213x.s
   Uses
      None
Comment: I2C0STAT unused
I2C1ADR E005C00C

Symbol: I2C1ADR
   Definitions
      At line 212 in file LPC213x.s
   Uses
      None
Comment: I2C1ADR unused
I2C1CONCLR E005C018

Symbol: I2C1CONCLR
   Definitions
      At line 215 in file LPC213x.s
   Uses
      None
Comment: I2C1CONCLR unused
I2C1CONSET E005C000

Symbol: I2C1CONSET
   Definitions
      At line 209 in file LPC213x.s
   Uses
      None
Comment: I2C1CONSET unused
I2C1DAT E005C008

Symbol: I2C1DAT
   Definitions
      At line 211 in file LPC213x.s
   Uses
      None
Comment: I2C1DAT unused
I2C1SCLH E005C010

Symbol: I2C1SCLH
   Definitions
      At line 213 in file LPC213x.s
   Uses
      None
Comment: I2C1SCLH unused
I2C1SCLL E005C014

Symbol: I2C1SCLL
   Definitions
      At line 214 in file LPC213x.s
   Uses



ARM Macro Assembler    Page 11 Alphabetic symbol ordering
Absolute symbols

      None
Comment: I2C1SCLL unused
I2C1STAT E005C004

Symbol: I2C1STAT
   Definitions
      At line 210 in file LPC213x.s
   Uses
      None
Comment: I2C1STAT unused
ILR E0024000

Symbol: ILR
   Definitions
      At line 236 in file LPC213x.s
   Uses
      None
Comment: ILR unused
INTWAKE E01FC144

Symbol: INTWAKE
   Definitions
      At line 99 in file LPC213x.s
   Uses
      None
Comment: INTWAKE unused
IO0CLR E002800C

Symbol: IO0CLR
   Definitions
      At line 63 in file LPC213x.s
   Uses
      None
Comment: IO0CLR unused
IO0DIR E0028008

Symbol: IO0DIR
   Definitions
      At line 62 in file LPC213x.s
   Uses
      None
Comment: IO0DIR unused
IO0PIN E0028000

Symbol: IO0PIN
   Definitions
      At line 60 in file LPC213x.s
   Uses
      None
Comment: IO0PIN unused
IO0SET E0028004

Symbol: IO0SET
   Definitions
      At line 61 in file LPC213x.s
   Uses
      None
Comment: IO0SET unused
IO1CLR E002801C



ARM Macro Assembler    Page 12 Alphabetic symbol ordering
Absolute symbols


Symbol: IO1CLR
   Definitions
      At line 67 in file LPC213x.s
   Uses
      None
Comment: IO1CLR unused
IO1DIR E0028018

Symbol: IO1DIR
   Definitions
      At line 66 in file LPC213x.s
   Uses
      None
Comment: IO1DIR unused
IO1PIN E0028010

Symbol: IO1PIN
   Definitions
      At line 64 in file LPC213x.s
   Uses
      None
Comment: IO1PIN unused
IO1SET E0028014

Symbol: IO1SET
   Definitions
      At line 65 in file LPC213x.s
   Uses
      None
Comment: IO1SET unused
IOCLR0 E002800C

Symbol: IOCLR0
   Definitions
      At line 55 in file LPC213x.s
   Uses
      None
Comment: IOCLR0 unused
IOCLR1 E002801C

Symbol: IOCLR1
   Definitions
      At line 59 in file LPC213x.s
   Uses
      None
Comment: IOCLR1 unused
IODIR0 E0028008

Symbol: IODIR0
   Definitions
      At line 54 in file LPC213x.s
   Uses
      None
Comment: IODIR0 unused
IODIR1 E0028018

Symbol: IODIR1
   Definitions



ARM Macro Assembler    Page 13 Alphabetic symbol ordering
Absolute symbols

      At line 58 in file LPC213x.s
   Uses
      None
Comment: IODIR1 unused
IOPIN0 E0028000

Symbol: IOPIN0
   Definitions
      At line 52 in file LPC213x.s
   Uses
      None
Comment: IOPIN0 unused
IOPIN1 E0028010

Symbol: IOPIN1
   Definitions
      At line 56 in file LPC213x.s
   Uses
      None
Comment: IOPIN1 unused
IOSET0 E0028004

Symbol: IOSET0
   Definitions
      At line 53 in file LPC213x.s
   Uses
      None
Comment: IOSET0 unused
IOSET1 E0028014

Symbol: IOSET1
   Definitions
      At line 57 in file LPC213x.s
   Uses
      None
Comment: IOSET1 unused
MAMCR E01FC000

Symbol: MAMCR
   Definitions
      At line 80 in file LPC213x.s
   Uses
      None
Comment: MAMCR unused
MAMTIM E01FC004

Symbol: MAMTIM
   Definitions
      At line 81 in file LPC213x.s
   Uses
      None
Comment: MAMTIM unused
MEMMAP E01FC040

Symbol: MEMMAP
   Definitions
      At line 82 in file LPC213x.s
   Uses
      None



ARM Macro Assembler    Page 14 Alphabetic symbol ordering
Absolute symbols

Comment: MEMMAP unused
MIN E0024024

Symbol: MIN
   Definitions
      At line 245 in file LPC213x.s
   Uses
      None
Comment: MIN unused
MONTH E0024038

Symbol: MONTH
   Definitions
      At line 250 in file LPC213x.s
   Uses
      None
Comment: MONTH unused
PCON E01FC0C0

Symbol: PCON
   Definitions
      At line 94 in file LPC213x.s
   Uses
      None
Comment: PCON unused
PCONP E01FC0C4

Symbol: PCONP
   Definitions
      At line 95 in file LPC213x.s
   Uses
      None
Comment: PCONP unused
PINSEL0 E002C000

Symbol: PINSEL0
   Definitions
      At line 47 in file LPC213x.s
   Uses
      None
Comment: PINSEL0 unused
PINSEL1 E002C004

Symbol: PINSEL1
   Definitions
      At line 48 in file LPC213x.s
   Uses
      None
Comment: PINSEL1 unused
PINSEL2 E002C014

Symbol: PINSEL2
   Definitions
      At line 49 in file LPC213x.s
   Uses
      None
Comment: PINSEL2 unused
PLLCFG E01FC084




ARM Macro Assembler    Page 15 Alphabetic symbol ordering
Absolute symbols

Symbol: PLLCFG
   Definitions
      At line 86 in file LPC213x.s
   Uses
      None
Comment: PLLCFG unused
PLLCON E01FC080

Symbol: PLLCON
   Definitions
      At line 85 in file LPC213x.s
   Uses
      None
Comment: PLLCON unused
PLLFEED E01FC08C

Symbol: PLLFEED
   Definitions
      At line 88 in file LPC213x.s
   Uses
      None
Comment: PLLFEED unused
PLLSTAT E01FC088

Symbol: PLLSTAT
   Definitions
      At line 87 in file LPC213x.s
   Uses
      None
Comment: PLLSTAT unused
PREFRAC E0024084

Symbol: PREFRAC
   Definitions
      At line 261 in file LPC213x.s
   Uses
      None
Comment: PREFRAC unused
PREINT E0024080

Symbol: PREINT
   Definitions
      At line 260 in file LPC213x.s
   Uses
      None
Comment: PREINT unused
PWMIR E0014000

Symbol: PWMIR
   Definitions
      At line 151 in file LPC213x.s
   Uses
      None
Comment: PWMIR unused
PWMLER E0014050

Symbol: PWMLER
   Definitions
      At line 165 in file LPC213x.s



ARM Macro Assembler    Page 16 Alphabetic symbol ordering
Absolute symbols

   Uses
      None
Comment: PWMLER unused
PWMMCR E0014014

Symbol: PWMMCR
   Definitions
      At line 156 in file LPC213x.s
   Uses
      None
Comment: PWMMCR unused
PWMMR0 E0014018

Symbol: PWMMR0
   Definitions
      At line 157 in file LPC213x.s
   Uses
      None
Comment: PWMMR0 unused
PWMMR1 E001401C

Symbol: PWMMR1
   Definitions
      At line 158 in file LPC213x.s
   Uses
      None
Comment: PWMMR1 unused
PWMMR2 E0014020

Symbol: PWMMR2
   Definitions
      At line 159 in file LPC213x.s
   Uses
      None
Comment: PWMMR2 unused
PWMMR3 E0014024

Symbol: PWMMR3
   Definitions
      At line 160 in file LPC213x.s
   Uses
      None
Comment: PWMMR3 unused
PWMMR4 E0014040

Symbol: PWMMR4
   Definitions
      At line 161 in file LPC213x.s
   Uses
      None
Comment: PWMMR4 unused
PWMMR5 E0014044

Symbol: PWMMR5
   Definitions
      At line 162 in file LPC213x.s
   Uses
      None
Comment: PWMMR5 unused



ARM Macro Assembler    Page 17 Alphabetic symbol ordering
Absolute symbols

PWMMR6 E0014048

Symbol: PWMMR6
   Definitions
      At line 163 in file LPC213x.s
   Uses
      None
Comment: PWMMR6 unused
PWMPC E0014010

Symbol: PWMPC
   Definitions
      At line 155 in file LPC213x.s
   Uses
      None
Comment: PWMPC unused
PWMPCR E001404C

Symbol: PWMPCR
   Definitions
      At line 164 in file LPC213x.s
   Uses
      None
Comment: PWMPCR unused
PWMPR E001400C

Symbol: PWMPR
   Definitions
      At line 154 in file LPC213x.s
   Uses
      None
Comment: PWMPR unused
PWMTC E0014008

Symbol: PWMTC
   Definitions
      At line 153 in file LPC213x.s
   Uses
      None
Comment: PWMTC unused
PWMTCR E0014004

Symbol: PWMTCR
   Definitions
      At line 152 in file LPC213x.s
   Uses
      None
Comment: PWMTCR unused
RSID E01FC180

Symbol: RSID
   Definitions
      At line 104 in file LPC213x.s
   Uses
      None
Comment: RSID unused
S0SPCCR E002000C

Symbol: S0SPCCR



ARM Macro Assembler    Page 18 Alphabetic symbol ordering
Absolute symbols

   Definitions
      At line 221 in file LPC213x.s
   Uses
      None
Comment: S0SPCCR unused
S0SPCR E0020000

Symbol: S0SPCR
   Definitions
      At line 218 in file LPC213x.s
   Uses
      None
Comment: S0SPCR unused
S0SPDR E0020008

Symbol: S0SPDR
   Definitions
      At line 220 in file LPC213x.s
   Uses
      None
Comment: S0SPDR unused
S0SPINT E002001C

Symbol: S0SPINT
   Definitions
      At line 222 in file LPC213x.s
   Uses
      None
Comment: S0SPINT unused
S0SPSR E0020004

Symbol: S0SPSR
   Definitions
      At line 219 in file LPC213x.s
   Uses
      None
Comment: S0SPSR unused
SCS E01FC1A0

Symbol: SCS
   Definitions
      At line 110 in file LPC213x.s
   Uses
      None
Comment: SCS unused
SEC E0024020

Symbol: SEC
   Definitions
      At line 244 in file LPC213x.s
   Uses
      None
Comment: SEC unused
SSPCPSR E0068010

Symbol: SSPCPSR
   Definitions
      At line 229 in file LPC213x.s
   Uses



ARM Macro Assembler    Page 19 Alphabetic symbol ordering
Absolute symbols

      None
Comment: SSPCPSR unused
SSPCR0 E0068000

Symbol: SSPCR0
   Definitions
      At line 225 in file LPC213x.s
   Uses
      None
Comment: SSPCR0 unused
SSPCR1 E0068004

Symbol: SSPCR1
   Definitions
      At line 226 in file LPC213x.s
   Uses
      None
Comment: SSPCR1 unused
SSPDR E0068008

Symbol: SSPDR
   Definitions
      At line 227 in file LPC213x.s
   Uses
      None
Comment: SSPDR unused
SSPICR E0068020

Symbol: SSPICR
   Definitions
      At line 233 in file LPC213x.s
   Uses
      None
Comment: SSPICR unused
SSPIMSC E0068014

Symbol: SSPIMSC
   Definitions
      At line 230 in file LPC213x.s
   Uses
      None
Comment: SSPIMSC unused
SSPMIS E006801C

Symbol: SSPMIS
   Definitions
      At line 232 in file LPC213x.s
   Uses
      None
Comment: SSPMIS unused
SSPRIS E0068018

Symbol: SSPRIS
   Definitions
      At line 231 in file LPC213x.s
   Uses
      None
Comment: SSPRIS unused
SSPSR E006800C



ARM Macro Assembler    Page 20 Alphabetic symbol ordering
Absolute symbols


Symbol: SSPSR
   Definitions
      At line 228 in file LPC213x.s
   Uses
      None
Comment: SSPSR unused
T0CCR E0004028

Symbol: T0CCR
   Definitions
      At line 123 in file LPC213x.s
   Uses
      None
Comment: T0CCR unused
T0CR0 E000402C

Symbol: T0CR0
   Definitions
      At line 124 in file LPC213x.s
   Uses
      None
Comment: T0CR0 unused
T0CR1 E0004030

Symbol: T0CR1
   Definitions
      At line 125 in file LPC213x.s
   Uses
      None
Comment: T0CR1 unused
T0CR2 E0004034

Symbol: T0CR2
   Definitions
      At line 126 in file LPC213x.s
   Uses
      None
Comment: T0CR2 unused
T0CR3 E0004038

Symbol: T0CR3
   Definitions
      At line 127 in file LPC213x.s
   Uses
      None
Comment: T0CR3 unused
T0CTCR E0004070

Symbol: T0CTCR
   Definitions
      At line 129 in file LPC213x.s
   Uses
      None
Comment: T0CTCR unused
T0EMR E000403C

Symbol: T0EMR
   Definitions



ARM Macro Assembler    Page 21 Alphabetic symbol ordering
Absolute symbols

      At line 128 in file LPC213x.s
   Uses
      None
Comment: T0EMR unused
T0IR E0004000

Symbol: T0IR
   Definitions
      At line 113 in file LPC213x.s
   Uses
      None
Comment: T0IR unused
T0MCR E0004014

Symbol: T0MCR
   Definitions
      At line 118 in file LPC213x.s
   Uses
      None
Comment: T0MCR unused
T0MR0 E0004018

Symbol: T0MR0
   Definitions
      At line 119 in file LPC213x.s
   Uses
      None
Comment: T0MR0 unused
T0MR1 E000401C

Symbol: T0MR1
   Definitions
      At line 120 in file LPC213x.s
   Uses
      None
Comment: T0MR1 unused
T0MR2 E0004020

Symbol: T0MR2
   Definitions
      At line 121 in file LPC213x.s
   Uses
      None
Comment: T0MR2 unused
T0MR3 E0004024

Symbol: T0MR3
   Definitions
      At line 122 in file LPC213x.s
   Uses
      None
Comment: T0MR3 unused
T0PC E0004010

Symbol: T0PC
   Definitions
      At line 117 in file LPC213x.s
   Uses
      None



ARM Macro Assembler    Page 22 Alphabetic symbol ordering
Absolute symbols

Comment: T0PC unused
T0PR E000400C

Symbol: T0PR
   Definitions
      At line 116 in file LPC213x.s
   Uses
      None
Comment: T0PR unused
T0TC E0004008

Symbol: T0TC
   Definitions
      At line 115 in file LPC213x.s
   Uses
      None
Comment: T0TC unused
T0TCR E0004004

Symbol: T0TCR
   Definitions
      At line 114 in file LPC213x.s
   Uses
      None
Comment: T0TCR unused
T1CCR E0008028

Symbol: T1CCR
   Definitions
      At line 142 in file LPC213x.s
   Uses
      None
Comment: T1CCR unused
T1CR0 E000802C

Symbol: T1CR0
   Definitions
      At line 143 in file LPC213x.s
   Uses
      None
Comment: T1CR0 unused
T1CR1 E0008030

Symbol: T1CR1
   Definitions
      At line 144 in file LPC213x.s
   Uses
      None
Comment: T1CR1 unused
T1CR2 E0008034

Symbol: T1CR2
   Definitions
      At line 145 in file LPC213x.s
   Uses
      None
Comment: T1CR2 unused
T1CR3 E0008038




ARM Macro Assembler    Page 23 Alphabetic symbol ordering
Absolute symbols

Symbol: T1CR3
   Definitions
      At line 146 in file LPC213x.s
   Uses
      None
Comment: T1CR3 unused
T1CTCR E0008070

Symbol: T1CTCR
   Definitions
      At line 148 in file LPC213x.s
   Uses
      None
Comment: T1CTCR unused
T1EMR E000803C

Symbol: T1EMR
   Definitions
      At line 147 in file LPC213x.s
   Uses
      None
Comment: T1EMR unused
T1IR E0008000

Symbol: T1IR
   Definitions
      At line 132 in file LPC213x.s
   Uses
      None
Comment: T1IR unused
T1MCR E0008014

Symbol: T1MCR
   Definitions
      At line 137 in file LPC213x.s
   Uses
      None
Comment: T1MCR unused
T1MR0 E0008018

Symbol: T1MR0
   Definitions
      At line 138 in file LPC213x.s
   Uses
      None
Comment: T1MR0 unused
T1MR1 E000801C

Symbol: T1MR1
   Definitions
      At line 139 in file LPC213x.s
   Uses
      None
Comment: T1MR1 unused
T1MR2 E0008020

Symbol: T1MR2
   Definitions
      At line 140 in file LPC213x.s



ARM Macro Assembler    Page 24 Alphabetic symbol ordering
Absolute symbols

   Uses
      None
Comment: T1MR2 unused
T1MR3 E0008024

Symbol: T1MR3
   Definitions
      At line 141 in file LPC213x.s
   Uses
      None
Comment: T1MR3 unused
T1PC E0008010

Symbol: T1PC
   Definitions
      At line 136 in file LPC213x.s
   Uses
      None
Comment: T1PC unused
T1PR E000800C

Symbol: T1PR
   Definitions
      At line 135 in file LPC213x.s
   Uses
      None
Comment: T1PR unused
T1TC E0008008

Symbol: T1TC
   Definitions
      At line 134 in file LPC213x.s
   Uses
      None
Comment: T1TC unused
T1TCR E0008004

Symbol: T1TCR
   Definitions
      At line 133 in file LPC213x.s
   Uses
      None
Comment: T1TCR unused
U0ACR E000C020

Symbol: U0ACR
   Definitions
      At line 178 in file LPC213x.s
   Uses
      None
Comment: U0ACR unused
U0DLL E000C000

Symbol: U0DLL
   Definitions
      At line 176 in file LPC213x.s
   Uses
      None
Comment: U0DLL unused



ARM Macro Assembler    Page 25 Alphabetic symbol ordering
Absolute symbols

U0DLM E000C004

Symbol: U0DLM
   Definitions
      At line 177 in file LPC213x.s
   Uses
      None
Comment: U0DLM unused
U0FCR E000C008

Symbol: U0FCR
   Definitions
      At line 172 in file LPC213x.s
   Uses
      None
Comment: U0FCR unused
U0FDR E000C028

Symbol: U0FDR
   Definitions
      At line 179 in file LPC213x.s
   Uses
      None
Comment: U0FDR unused
U0IER E000C004

Symbol: U0IER
   Definitions
      At line 170 in file LPC213x.s
   Uses
      None
Comment: U0IER unused
U0IIR E000C008

Symbol: U0IIR
   Definitions
      At line 171 in file LPC213x.s
   Uses
      None
Comment: U0IIR unused
U0LCR E000C00C

Symbol: U0LCR
   Definitions
      At line 173 in file LPC213x.s
   Uses
      None
Comment: U0LCR unused
U0LSR E000C014

Symbol: U0LSR
   Definitions
      At line 174 in file LPC213x.s
   Uses
      None
Comment: U0LSR unused
U0RBR E000C000

Symbol: U0RBR



ARM Macro Assembler    Page 26 Alphabetic symbol ordering
Absolute symbols

   Definitions
      At line 168 in file LPC213x.s
   Uses
      None
Comment: U0RBR unused
U0SCR E000C01C

Symbol: U0SCR
   Definitions
      At line 175 in file LPC213x.s
   Uses
      None
Comment: U0SCR unused
U0TER E000C030

Symbol: U0TER
   Definitions
      At line 180 in file LPC213x.s
   Uses
      None
Comment: U0TER unused
U0THR E000C000

Symbol: U0THR
   Definitions
      At line 169 in file LPC213x.s
   Uses
      None
Comment: U0THR unused
U1ACR E0010020

Symbol: U1ACR
   Definitions
      At line 195 in file LPC213x.s
   Uses
      None
Comment: U1ACR unused
U1DLL E0010000

Symbol: U1DLL
   Definitions
      At line 193 in file LPC213x.s
   Uses
      None
Comment: U1DLL unused
U1DLM E0010004

Symbol: U1DLM
   Definitions
      At line 194 in file LPC213x.s
   Uses
      None
Comment: U1DLM unused
U1FCR E0010008

Symbol: U1FCR
   Definitions
      At line 187 in file LPC213x.s
   Uses



ARM Macro Assembler    Page 27 Alphabetic symbol ordering
Absolute symbols

      None
Comment: U1FCR unused
U1FDR E0010028

Symbol: U1FDR
   Definitions
      At line 196 in file LPC213x.s
   Uses
      None
Comment: U1FDR unused
U1IER E0010004

Symbol: U1IER
   Definitions
      At line 185 in file LPC213x.s
   Uses
      None
Comment: U1IER unused
U1IIR E0010008

Symbol: U1IIR
   Definitions
      At line 186 in file LPC213x.s
   Uses
      None
Comment: U1IIR unused
U1LCR E001000C

Symbol: U1LCR
   Definitions
      At line 188 in file LPC213x.s
   Uses
      None
Comment: U1LCR unused
U1LSR E0010014

Symbol: U1LSR
   Definitions
      At line 190 in file LPC213x.s
   Uses
      None
Comment: U1LSR unused
U1MCR E0010010

Symbol: U1MCR
   Definitions
      At line 189 in file LPC213x.s
   Uses
      None
Comment: U1MCR unused
U1MSR E0010018

Symbol: U1MSR
   Definitions
      At line 191 in file LPC213x.s
   Uses
      None
Comment: U1MSR unused
U1RBR E0010000



ARM Macro Assembler    Page 28 Alphabetic symbol ordering
Absolute symbols


Symbol: U1RBR
   Definitions
      At line 183 in file LPC213x.s
   Uses
      None
Comment: U1RBR unused
U1SCR E001001C

Symbol: U1SCR
   Definitions
      At line 192 in file LPC213x.s
   Uses
      None
Comment: U1SCR unused
U1TER E0010030

Symbol: U1TER
   Definitions
      At line 197 in file LPC213x.s
   Uses
      None
Comment: U1TER unused
U1THR E0010000

Symbol: U1THR
   Definitions
      At line 184 in file LPC213x.s
   Uses
      None
Comment: U1THR unused
VICDefVectAddr FFFFF034

Symbol: VICDefVectAddr
   Definitions
      At line 12 in file LPC213x.s
   Uses
      None
Comment: VICDefVectAddr unused
VICFIQStatus FFFFF004

Symbol: VICFIQStatus
   Definitions
      At line 3 in file LPC213x.s
   Uses
      None
Comment: VICFIQStatus unused
VICIRQStatus FFFFF000

Symbol: VICIRQStatus
   Definitions
      At line 2 in file LPC213x.s
   Uses
      None
Comment: VICIRQStatus unused
VICIntEnClr FFFFF014

Symbol: VICIntEnClr
   Definitions



ARM Macro Assembler    Page 29 Alphabetic symbol ordering
Absolute symbols

      At line 7 in file LPC213x.s
   Uses
      None
Comment: VICIntEnClr unused
VICIntEnable FFFFF010

Symbol: VICIntEnable
   Definitions
      At line 6 in file LPC213x.s
   Uses
      None
Comment: VICIntEnable unused
VICIntSelect FFFFF00C

Symbol: VICIntSelect
   Definitions
      At line 5 in file LPC213x.s
   Uses
      None
Comment: VICIntSelect unused
VICProtection FFFFF020

Symbol: VICProtection
   Definitions
      At line 10 in file LPC213x.s
   Uses
      None
Comment: VICProtection unused
VICRawIntr FFFFF008

Symbol: VICRawIntr
   Definitions
      At line 4 in file LPC213x.s
   Uses
      None
Comment: VICRawIntr unused
VICSoftInt FFFFF018

Symbol: VICSoftInt
   Definitions
      At line 8 in file LPC213x.s
   Uses
      None
Comment: VICSoftInt unused
VICSoftIntClr FFFFF01C

Symbol: VICSoftIntClr
   Definitions
      At line 9 in file LPC213x.s
   Uses
      None
Comment: VICSoftIntClr unused
VICVectAddr FFFFF030

Symbol: VICVectAddr
   Definitions
      At line 11 in file LPC213x.s
   Uses
      None



ARM Macro Assembler    Page 30 Alphabetic symbol ordering
Absolute symbols

Comment: VICVectAddr unused
VICVectAddr0 FFFFF100

Symbol: VICVectAddr0
   Definitions
      At line 13 in file LPC213x.s
   Uses
      None
Comment: VICVectAddr0 unused
VICVectAddr1 FFFFF104

Symbol: VICVectAddr1
   Definitions
      At line 14 in file LPC213x.s
   Uses
      None
Comment: VICVectAddr1 unused
VICVectAddr10 FFFFF128

Symbol: VICVectAddr10
   Definitions
      At line 23 in file LPC213x.s
   Uses
      None
Comment: VICVectAddr10 unused
VICVectAddr11 FFFFF12C

Symbol: VICVectAddr11
   Definitions
      At line 24 in file LPC213x.s
   Uses
      None
Comment: VICVectAddr11 unused
VICVectAddr12 FFFFF130

Symbol: VICVectAddr12
   Definitions
      At line 25 in file LPC213x.s
   Uses
      None
Comment: VICVectAddr12 unused
VICVectAddr13 FFFFF134

Symbol: VICVectAddr13
   Definitions
      At line 26 in file LPC213x.s
   Uses
      None
Comment: VICVectAddr13 unused
VICVectAddr14 FFFFF138

Symbol: VICVectAddr14
   Definitions
      At line 27 in file LPC213x.s
   Uses
      None
Comment: VICVectAddr14 unused
VICVectAddr15 FFFFF13C




ARM Macro Assembler    Page 31 Alphabetic symbol ordering
Absolute symbols

Symbol: VICVectAddr15
   Definitions
      At line 28 in file LPC213x.s
   Uses
      None
Comment: VICVectAddr15 unused
VICVectAddr2 FFFFF108

Symbol: VICVectAddr2
   Definitions
      At line 15 in file LPC213x.s
   Uses
      None
Comment: VICVectAddr2 unused
VICVectAddr3 FFFFF10C

Symbol: VICVectAddr3
   Definitions
      At line 16 in file LPC213x.s
   Uses
      None
Comment: VICVectAddr3 unused
VICVectAddr4 FFFFF110

Symbol: VICVectAddr4
   Definitions
      At line 17 in file LPC213x.s
   Uses
      None
Comment: VICVectAddr4 unused
VICVectAddr5 FFFFF114

Symbol: VICVectAddr5
   Definitions
      At line 18 in file LPC213x.s
   Uses
      None
Comment: VICVectAddr5 unused
VICVectAddr6 FFFFF118

Symbol: VICVectAddr6
   Definitions
      At line 19 in file LPC213x.s
   Uses
      None
Comment: VICVectAddr6 unused
VICVectAddr7 FFFFF11C

Symbol: VICVectAddr7
   Definitions
      At line 20 in file LPC213x.s
   Uses
      None
Comment: VICVectAddr7 unused
VICVectAddr8 FFFFF120

Symbol: VICVectAddr8
   Definitions
      At line 21 in file LPC213x.s



ARM Macro Assembler    Page 32 Alphabetic symbol ordering
Absolute symbols

   Uses
      None
Comment: VICVectAddr8 unused
VICVectAddr9 FFFFF124

Symbol: VICVectAddr9
   Definitions
      At line 22 in file LPC213x.s
   Uses
      None
Comment: VICVectAddr9 unused
VICVectCntl0 FFFFF200

Symbol: VICVectCntl0
   Definitions
      At line 29 in file LPC213x.s
   Uses
      None
Comment: VICVectCntl0 unused
VICVectCntl1 FFFFF204

Symbol: VICVectCntl1
   Definitions
      At line 30 in file LPC213x.s
   Uses
      None
Comment: VICVectCntl1 unused
VICVectCntl10 FFFFF228

Symbol: VICVectCntl10
   Definitions
      At line 39 in file LPC213x.s
   Uses
      None
Comment: VICVectCntl10 unused
VICVectCntl11 FFFFF22C

Symbol: VICVectCntl11
   Definitions
      At line 40 in file LPC213x.s
   Uses
      None
Comment: VICVectCntl11 unused
VICVectCntl12 FFFFF230

Symbol: VICVectCntl12
   Definitions
      At line 41 in file LPC213x.s
   Uses
      None
Comment: VICVectCntl12 unused
VICVectCntl13 FFFFF234

Symbol: VICVectCntl13
   Definitions
      At line 42 in file LPC213x.s
   Uses
      None
Comment: VICVectCntl13 unused



ARM Macro Assembler    Page 33 Alphabetic symbol ordering
Absolute symbols

VICVectCntl14 FFFFF238

Symbol: VICVectCntl14
   Definitions
      At line 43 in file LPC213x.s
   Uses
      None
Comment: VICVectCntl14 unused
VICVectCntl15 FFFFF23C

Symbol: VICVectCntl15
   Definitions
      At line 44 in file LPC213x.s
   Uses
      None
Comment: VICVectCntl15 unused
VICVectCntl2 FFFFF208

Symbol: VICVectCntl2
   Definitions
      At line 31 in file LPC213x.s
   Uses
      None
Comment: VICVectCntl2 unused
VICVectCntl3 FFFFF20C

Symbol: VICVectCntl3
   Definitions
      At line 32 in file LPC213x.s
   Uses
      None
Comment: VICVectCntl3 unused
VICVectCntl4 FFFFF210

Symbol: VICVectCntl4
   Definitions
      At line 33 in file LPC213x.s
   Uses
      None
Comment: VICVectCntl4 unused
VICVectCntl5 FFFFF214

Symbol: VICVectCntl5
   Definitions
      At line 34 in file LPC213x.s
   Uses
      None
Comment: VICVectCntl5 unused
VICVectCntl6 FFFFF218

Symbol: VICVectCntl6
   Definitions
      At line 35 in file LPC213x.s
   Uses
      None
Comment: VICVectCntl6 unused
VICVectCntl7 FFFFF21C

Symbol: VICVectCntl7



ARM Macro Assembler    Page 34 Alphabetic symbol ordering
Absolute symbols

   Definitions
      At line 36 in file LPC213x.s
   Uses
      None
Comment: VICVectCntl7 unused
VICVectCntl8 FFFFF220

Symbol: VICVectCntl8
   Definitions
      At line 37 in file LPC213x.s
   Uses
      None
Comment: VICVectCntl8 unused
VICVectCntl9 FFFFF224

Symbol: VICVectCntl9
   Definitions
      At line 38 in file LPC213x.s
   Uses
      None
Comment: VICVectCntl9 unused
VPBDIV E01FC100

Symbol: VPBDIV
   Definitions
      At line 91 in file LPC213x.s
   Uses
      None
Comment: VPBDIV unused
WDFEED E0000008

Symbol: WDFEED
   Definitions
      At line 302 in file LPC213x.s
   Uses
      None
Comment: WDFEED unused
WDMOD E0000000

Symbol: WDMOD
   Definitions
      At line 300 in file LPC213x.s
   Uses
      None
Comment: WDMOD unused
WDTC E0000004

Symbol: WDTC
   Definitions
      At line 301 in file LPC213x.s
   Uses
      None
Comment: WDTC unused
WDTV E000000C

Symbol: WDTV
   Definitions
      At line 303 in file LPC213x.s
   Uses



ARM Macro Assembler    Page 35 Alphabetic symbol ordering
Absolute symbols

      None
Comment: WDTV unused
YEAR E002403C

Symbol: YEAR
   Definitions
      At line 251 in file LPC213x.s
   Uses
      None
Comment: YEAR unused
252 symbols
583 symbols in table
